The system is: Darwin - 20.6.0 - x86_64
Compiling the C compiler identification source file "CMakeCCompilerId.c" succeeded.
Compiler: /Library/Developer/CommandLineTools/usr/bin/cc 
Build flags: 
Id flags: -c 

The output was:
0


Compilation of the C compiler identification source "CMakeCCompilerId.c" produced "CMakeCCompilerId.o"

The C compiler identification is AppleClang, found in "/Users/henrikhaug/Documents/FREYA/fission_v2.0.5/build/CMakeFiles/3.23.2/CompilerIdC/CMakeCCompilerId.o"

Compiling the CXX compiler identification source file "CMakeCXXCompilerId.cpp" succeeded.
Compiler: /Library/Developer/CommandLineTools/usr/bin/c++ 
Build flags: 
Id flags: -c 

The output was:
0


Compilation of the CXX compiler identification source "CMakeCXXCompilerId.cpp" produced "CMakeCXXCompilerId.o"

The CXX compiler identification is AppleClang, found in "/Users/henrikhaug/Documents/FREYA/fission_v2.0.5/build/CMakeFiles/3.23.2/CompilerIdCXX/CMakeCXXCompilerId.o"

Compiling the Fortran compiler identification source file "CMakeFortranCompilerId.F" succeeded.
Compiler: /usr/local/bin/gfortran 
Build flags: 
Id flags: -v 

The output was:
0
Driving: /usr/local/bin/gfortran -v CMakeFortranCompilerId.F -mmacosx-version-min=11.5.0 -asm_macosx_version_min=11.5 -l gfortran -shared-libgcc
Using built-in specs.
COLLECT_GCC=/usr/local/bin/gfortran
COLLECT_LTO_WRAPPER=/usr/local/Cellar/gcc/11.2.0/libexec/gcc/x86_64-apple-darwin20/11.2.0/lto-wrapper
Target: x86_64-apple-darwin20
Configured with: ../configure --prefix=/usr/local/Cellar/gcc/11.2.0 --libdir=/usr/local/Cellar/gcc/11.2.0/lib/gcc/11 --disable-nls --enable-checking=release --enable-languages=c,c++,objc,obj-c++,fortran,d --program-suffix=-11 --with-gmp=/usr/local/opt/gmp --with-mpfr=/usr/local/opt/mpfr --with-mpc=/usr/local/opt/libmpc --with-isl=/usr/local/opt/isl --with-zstd=/usr/local/opt/zstd --with-pkgversion='Homebrew GCC 11.2.0' --with-bugurl=https://github.com/Homebrew/homebrew-core/issues --enable-libphobos --build=x86_64-apple-darwin20 --with-system-zlib --disable-multilib --without-build-config --with-native-system-header-dir=/usr/include --with-sysroot=/Library/Developer/CommandLineTools/SDKs/MacOSX.sdk
Thread model: posix
Supported LTO compression algorithms: zlib zstd
gcc version 11.2.0 (Homebrew GCC 11.2.0) 
COLLECT_GCC_OPTIONS='-v' '-mmacosx-version-min=11.5.0' '-asm_macosx_version_min=11.5' '-shared-libgcc' '-mtune=core2' '-dumpdir' 'a-'
 /usr/local/Cellar/gcc/11.2.0/libexec/gcc/x86_64-apple-darwin20/11.2.0/f951 CMakeFortranCompilerId.F -ffixed-form -cpp=/var/folders/cd/fgr0qn_s2znfbcwjj98ykkfr0000gn/T//cctb9uMJ.f90 -quiet -v -D__DYNAMIC__ CMakeFortranCompilerId.F -fPIC -quiet -dumpdir a- -dumpbase CMakeFortranCompilerId.F -dumpbase-ext .F -mmacosx-version-min=11.5.0 -mtune=core2 -version -fintrinsic-modules-path /usr/local/Cellar/gcc/11.2.0/lib/gcc/11/gcc/x86_64-apple-darwin20/11.2.0/finclude -o /var/folders/cd/fgr0qn_s2znfbcwjj98ykkfr0000gn/T//ccsC1eMq.s
GNU Fortran (Homebrew GCC 11.2.0) version 11.2.0 (x86_64-apple-darwin20)
	compiled by GNU C version 11.2.0, GMP version 6.2.1, MPFR version 4.1.0, MPC version 1.2.1, isl version isl-0.24-GMP

GGC heuristics: --param ggc-min-expand=100 --param ggc-min-heapsize=131072
ignoring nonexistent directory "/Library/Developer/CommandLineTools/SDKs/MacOSX.sdk/usr/local/include"
ignoring nonexistent directory "/usr/local/Cellar/gcc/11.2.0/lib/gcc/11/gcc/x86_64-apple-darwin20/11.2.0/../../../../../../x86_64-apple-darwin20/include"
#include "..." search starts here:
#include <...> search starts here:
 /usr/local/Cellar/gcc/11.2.0/lib/gcc/11/gcc/x86_64-apple-darwin20/11.2.0/finclude
 /usr/local/Cellar/gcc/11.2.0/lib/gcc/11/gcc/x86_64-apple-darwin20/11.2.0/include
 /usr/local/Cellar/gcc/11.2.0/lib/gcc/11/gcc/x86_64-apple-darwin20/11.2.0/include-fixed
 /Library/Developer/CommandLineTools/SDKs/MacOSX.sdk/usr/include
End of search list.
GNU Fortran2008 (Homebrew GCC 11.2.0) version 11.2.0 (x86_64-apple-darwin20)
	compiled by GNU C version 11.2.0, GMP version 6.2.1, MPFR version 4.1.0, MPC version 1.2.1, isl version isl-0.24-GMP

GGC heuristics: --param ggc-min-expand=100 --param ggc-min-heapsize=131072
COLLECT_GCC_OPTIONS='-v' '-mmacosx-version-min=11.5.0'  '-shared-libgcc' '-mtune=core2' '-dumpdir' 'a-'
 as -arch x86_64 -v -force_cpusubtype_ALL -mmacosx-version-min=11.5 -o /var/folders/cd/fgr0qn_s2znfbcwjj98ykkfr0000gn/T//cc7WStVc.o /var/folders/cd/fgr0qn_s2znfbcwjj98ykkfr0000gn/T//ccsC1eMq.s
Apple clang version 13.0.0 (clang-1300.0.29.3)
Target: x86_64-apple-darwin20.6.0
Thread model: posix
InstalledDir: /Library/Developer/CommandLineTools/usr/bin
 "/Library/Developer/CommandLineTools/usr/bin/clang" -cc1as -triple x86_64-apple-macosx11.5.0 -filetype obj -main-file-name ccsC1eMq.s -target-cpu penryn -fdebug-compilation-dir /Users/henrikhaug/Documents/FREYA/fission_v2.0.5/build/CMakeFiles/3.23.2/CompilerIdFortran -dwarf-debug-producer "Apple clang version 13.0.0 (clang-1300.0.29.3)" -dwarf-version=4 -mrelocation-model pic --mrelax-relocations -mllvm -disable-aligned-alloc-awareness=1 -mllvm -enable-dse-memoryssa=0 -o /var/folders/cd/fgr0qn_s2znfbcwjj98ykkfr0000gn/T//cc7WStVc.o /var/folders/cd/fgr0qn_s2znfbcwjj98ykkfr0000gn/T//ccsC1eMq.s
Reading specs from /usr/local/Cellar/gcc/11.2.0/lib/gcc/11/gcc/x86_64-apple-darwin20/11.2.0/../../../libgfortran.spec
rename spec lib to liborig
COLLECT_GCC_OPTIONS='-v' '-mmacosx-version-min=11.5.0'  '-shared-libgcc' '-mtune=core2' '-dumpdir' 'a-'
COMPILER_PATH=/usr/local/Cellar/gcc/11.2.0/libexec/gcc/x86_64-apple-darwin20/11.2.0/:/usr/local/Cellar/gcc/11.2.0/libexec/gcc/x86_64-apple-darwin20/11.2.0/:/usr/local/Cellar/gcc/11.2.0/libexec/gcc/x86_64-apple-darwin20/:/usr/local/Cellar/gcc/11.2.0/lib/gcc/11/gcc/x86_64-apple-darwin20/11.2.0/:/usr/local/Cellar/gcc/11.2.0/lib/gcc/11/gcc/x86_64-apple-darwin20/
LIBRARY_PATH=/usr/local/Cellar/gcc/11.2.0/lib/gcc/11/gcc/x86_64-apple-darwin20/11.2.0/:/usr/local/Cellar/gcc/11.2.0/lib/gcc/11/gcc/x86_64-apple-darwin20/11.2.0/../../../
COLLECT_GCC_OPTIONS='-v' '-mmacosx-version-min=11.5.0'  '-shared-libgcc' '-mtune=core2' '-dumpdir' 'a.'
 /usr/local/Cellar/gcc/11.2.0/libexec/gcc/x86_64-apple-darwin20/11.2.0/collect2 -syslibroot /Library/Developer/CommandLineTools/SDKs/MacOSX.sdk/ -dynamic -arch x86_64 -macosx_version_min 11.5.0 -weak_reference_mismatches non-weak -o a.out -L/usr/local/Cellar/gcc/11.2.0/lib/gcc/11/gcc/x86_64-apple-darwin20/11.2.0 -L/usr/local/Cellar/gcc/11.2.0/lib/gcc/11/gcc/x86_64-apple-darwin20/11.2.0/../../.. /var/folders/cd/fgr0qn_s2znfbcwjj98ykkfr0000gn/T//cc7WStVc.o -lgfortran -lSystem -lgcc_ext.10.5 -lgcc -lquadmath -lm -lgcc_ext.10.5 -lgcc -lSystem -no_compact_unwind -v
collect2 version 11.2.0
/usr/bin/ld -syslibroot /Library/Developer/CommandLineTools/SDKs/MacOSX.sdk/ -dynamic -arch x86_64 -macosx_version_min 11.5.0 -weak_reference_mismatches non-weak -o a.out -L/usr/local/Cellar/gcc/11.2.0/lib/gcc/11/gcc/x86_64-apple-darwin20/11.2.0 -L/usr/local/Cellar/gcc/11.2.0/lib/gcc/11/gcc/x86_64-apple-darwin20/11.2.0/../../.. /var/folders/cd/fgr0qn_s2znfbcwjj98ykkfr0000gn/T//cc7WStVc.o -lgfortran -lSystem -lgcc_ext.10.5 -lgcc -lquadmath -lm -lgcc_ext.10.5 -lgcc -lSystem -no_compact_unwind -v
@(#)PROGRAM:ld  PROJECT:ld64-711
BUILD 14:59:24 Aug 21 2021
configured to support archs: armv6 armv7 armv7s arm64 arm64e arm64_32 i386 x86_64 x86_64h armv6m armv7k armv7m armv7em
Library search paths:
	/usr/local/Cellar/gcc/11.2.0/lib/gcc/11/gcc/x86_64-apple-darwin20/11.2.0
	/usr/local/Cellar/gcc/11.2.0/lib/gcc/11
	/Library/Developer/CommandLineTools/SDKs/MacOSX.sdk/usr/lib
Framework search paths:
	/Library/Developer/CommandLineTools/SDKs/MacOSX.sdk/System/Library/Frameworks/


Compilation of the Fortran compiler identification source "CMakeFortranCompilerId.F" produced "a.out"

The Fortran compiler identification is GNU, found in "/Users/henrikhaug/Documents/FREYA/fission_v2.0.5/build/CMakeFiles/3.23.2/CompilerIdFortran/a.out"

Detecting C compiler ABI info compiled with the following output:
Change Dir: /Users/henrikhaug/Documents/FREYA/fission_v2.0.5/build/CMakeFiles/CMakeTmp

Run Build Command(s):/usr/bin/make -f Makefile cmTC_a50de/fast && /Library/Developer/CommandLineTools/usr/bin/make  -f CMakeFiles/cmTC_a50de.dir/build.make CMakeFiles/cmTC_a50de.dir/build
Building C object CMakeFiles/cmTC_a50de.dir/CMakeCCompilerABI.c.o
/Library/Developer/CommandLineTools/usr/bin/cc   -isysroot /Library/Developer/CommandLineTools/SDKs/MacOSX11.3.sdk   -v -Wl,-v -MD -MT CMakeFiles/cmTC_a50de.dir/CMakeCCompilerABI.c.o -MF CMakeFiles/cmTC_a50de.dir/CMakeCCompilerABI.c.o.d -o CMakeFiles/cmTC_a50de.dir/CMakeCCompilerABI.c.o -c /usr/local/Cellar/cmake/3.23.2/share/cmake/Modules/CMakeCCompilerABI.c
Apple clang version 13.0.0 (clang-1300.0.29.3)
Target: x86_64-apple-darwin20.6.0
Thread model: posix
InstalledDir: /Library/Developer/CommandLineTools/usr/bin
clang: warning: -Wl,-v: 'linker' input unused [-Wunused-command-line-argument]
 "/Library/Developer/CommandLineTools/usr/bin/clang" -cc1 -triple x86_64-apple-macosx11.0.0 -Wundef-prefix=TARGET_OS_ -Wdeprecated-objc-isa-usage -Werror=deprecated-objc-isa-usage -Werror=implicit-function-declaration -emit-obj -mrelax-all --mrelax-relocations -disable-free -disable-llvm-verifier -discard-value-names -main-file-name CMakeCCompilerABI.c -mrelocation-model pic -pic-level 2 -mframe-pointer=all -fno-strict-return -fno-rounding-math -munwind-tables -target-sdk-version=11.3 -fvisibility-inlines-hidden-static-local-var -target-cpu penryn -tune-cpu generic -debugger-tuning=lldb -target-linker-version 711 -v -resource-dir /Library/Developer/CommandLineTools/usr/lib/clang/13.0.0 -dependency-file CMakeFiles/cmTC_a50de.dir/CMakeCCompilerABI.c.o.d -skip-unused-modulemap-deps -MT CMakeFiles/cmTC_a50de.dir/CMakeCCompilerABI.c.o -sys-header-deps -isysroot /Library/Developer/CommandLineTools/SDKs/MacOSX11.3.sdk -internal-isystem /Library/Developer/CommandLineTools/SDKs/MacOSX11.3.sdk/usr/local/include -internal-isystem /Library/Developer/CommandLineTools/usr/lib/clang/13.0.0/include -internal-externc-isystem /Library/Developer/CommandLineTools/SDKs/MacOSX11.3.sdk/usr/include -internal-externc-isystem /Library/Developer/CommandLineTools/usr/include -Wno-reorder-init-list -Wno-implicit-int-float-conversion -Wno-c99-designator -Wno-final-dtor-non-final-class -Wno-extra-semi-stmt -Wno-misleading-indentation -Wno-quoted-include-in-framework-header -Wno-implicit-fallthrough -Wno-enum-enum-conversion -Wno-enum-float-conversion -Wno-elaborated-enum-base -fdebug-compilation-dir /Users/henrikhaug/Documents/FREYA/fission_v2.0.5/build/CMakeFiles/CMakeTmp -ferror-limit 19 -stack-protector 1 -fstack-check -mdarwin-stkchk-strong-link -fblocks -fencode-extended-block-signature -fregister-global-dtors-with-atexit -fgnuc-version=4.2.1 -fmax-type-align=16 -fcommon -clang-vendor-feature=+nullptrToBoolConversion -clang-vendor-feature=+messageToSelfInClassMethodIdReturnType -clang-vendor-feature=+disableInferNewAvailabilityFromInit -clang-vendor-feature=+disableNeonImmediateRangeCheck -clang-vendor-feature=+disableNonDependentMemberExprInCurrentInstantiation -fno-odr-hash-protocols -clang-vendor-feature=+revert09abecef7bbf -mllvm -disable-aligned-alloc-awareness=1 -mllvm -enable-dse-memoryssa=0 -o CMakeFiles/cmTC_a50de.dir/CMakeCCompilerABI.c.o -x c /usr/local/Cellar/cmake/3.23.2/share/cmake/Modules/CMakeCCompilerABI.c
clang -cc1 version 13.0.0 (clang-1300.0.29.3) default target x86_64-apple-darwin20.6.0
ignoring nonexistent directory "/Library/Developer/CommandLineTools/SDKs/MacOSX11.3.sdk/usr/local/include"
ignoring nonexistent directory "/Library/Developer/CommandLineTools/SDKs/MacOSX11.3.sdk/Library/Frameworks"
#include "..." search starts here:
#include <...> search starts here:
 /Library/Developer/CommandLineTools/usr/lib/clang/13.0.0/include
 /Library/Developer/CommandLineTools/SDKs/MacOSX11.3.sdk/usr/include
 /Library/Developer/CommandLineTools/usr/include
 /Library/Developer/CommandLineTools/SDKs/MacOSX11.3.sdk/System/Library/Frameworks (framework directory)
End of search list.
Linking C executable cmTC_a50de
/usr/local/Cellar/cmake/3.23.2/bin/cmake -E cmake_link_script CMakeFiles/cmTC_a50de.dir/link.txt --verbose=1
/Library/Developer/CommandLineTools/usr/bin/cc  -isysroot /Library/Developer/CommandLineTools/SDKs/MacOSX11.3.sdk -Wl,-search_paths_first -Wl,-headerpad_max_install_names  -v -Wl,-v CMakeFiles/cmTC_a50de.dir/CMakeCCompilerABI.c.o -o cmTC_a50de 
Apple clang version 13.0.0 (clang-1300.0.29.3)
Target: x86_64-apple-darwin20.6.0
Thread model: posix
InstalledDir: /Library/Developer/CommandLineTools/usr/bin
 "/Library/Developer/CommandLineTools/usr/bin/ld" -demangle -lto_library /Library/Developer/CommandLineTools/usr/lib/libLTO.dylib -dynamic -arch x86_64 -platform_version macos 11.0.0 11.3 -syslibroot /Library/Developer/CommandLineTools/SDKs/MacOSX11.3.sdk -o cmTC_a50de -search_paths_first -headerpad_max_install_names -v CMakeFiles/cmTC_a50de.dir/CMakeCCompilerABI.c.o -lSystem /Library/Developer/CommandLineTools/usr/lib/clang/13.0.0/lib/darwin/libclang_rt.osx.a
@(#)PROGRAM:ld  PROJECT:ld64-711
BUILD 14:59:24 Aug 21 2021
configured to support archs: armv6 armv7 armv7s arm64 arm64e arm64_32 i386 x86_64 x86_64h armv6m armv7k armv7m armv7em
Library search paths:
	/Library/Developer/CommandLineTools/SDKs/MacOSX11.3.sdk/usr/lib
Framework search paths:
	/Library/Developer/CommandLineTools/SDKs/MacOSX11.3.sdk/System/Library/Frameworks/



Parsed C implicit include dir info from above output: rv=done
  found start of include info
  found start of implicit include info
    add: [/Library/Developer/CommandLineTools/usr/lib/clang/13.0.0/include]
    add: [/Library/Developer/CommandLineTools/SDKs/MacOSX11.3.sdk/usr/include]
    add: [/Library/Developer/CommandLineTools/usr/include]
  end of search list found
  collapse include dir [/Library/Developer/CommandLineTools/usr/lib/clang/13.0.0/include] ==> [/Library/Developer/CommandLineTools/usr/lib/clang/13.0.0/include]
  collapse include dir [/Library/Developer/CommandLineTools/SDKs/MacOSX11.3.sdk/usr/include] ==> [/Library/Developer/CommandLineTools/SDKs/MacOSX11.3.sdk/usr/include]
  collapse include dir [/Library/Developer/CommandLineTools/usr/include] ==> [/Library/Developer/CommandLineTools/usr/include]
  implicit include dirs: [/Library/Developer/CommandLineTools/usr/lib/clang/13.0.0/include;/Library/Developer/CommandLineTools/SDKs/MacOSX11.3.sdk/usr/include;/Library/Developer/CommandLineTools/usr/include]


Parsed C implicit link information from above output:
  link line regex: [^( *|.*[/\])(ld|CMAKE_LINK_STARTFILE-NOTFOUND|([^/\]+-)?ld|collect2)[^/\]*( |$)]
  ignore line: [Change Dir: /Users/henrikhaug/Documents/FREYA/fission_v2.0.5/build/CMakeFiles/CMakeTmp]
  ignore line: []
  ignore line: [Run Build Command(s):/usr/bin/make -f Makefile cmTC_a50de/fast && /Library/Developer/CommandLineTools/usr/bin/make  -f CMakeFiles/cmTC_a50de.dir/build.make CMakeFiles/cmTC_a50de.dir/build]
  ignore line: [Building C object CMakeFiles/cmTC_a50de.dir/CMakeCCompilerABI.c.o]
  ignore line: [/Library/Developer/CommandLineTools/usr/bin/cc   -isysroot /Library/Developer/CommandLineTools/SDKs/MacOSX11.3.sdk   -v -Wl -v -MD -MT CMakeFiles/cmTC_a50de.dir/CMakeCCompilerABI.c.o -MF CMakeFiles/cmTC_a50de.dir/CMakeCCompilerABI.c.o.d -o CMakeFiles/cmTC_a50de.dir/CMakeCCompilerABI.c.o -c /usr/local/Cellar/cmake/3.23.2/share/cmake/Modules/CMakeCCompilerABI.c]
  ignore line: [Apple clang version 13.0.0 (clang-1300.0.29.3)]
  ignore line: [Target: x86_64-apple-darwin20.6.0]
  ignore line: [Thread model: posix]
  ignore line: [InstalledDir: /Library/Developer/CommandLineTools/usr/bin]
  ignore line: [clang: warning: -Wl -v: 'linker' input unused [-Wunused-command-line-argument]]
  ignore line: [ "/Library/Developer/CommandLineTools/usr/bin/clang" -cc1 -triple x86_64-apple-macosx11.0.0 -Wundef-prefix=TARGET_OS_ -Wdeprecated-objc-isa-usage -Werror=deprecated-objc-isa-usage -Werror=implicit-function-declaration -emit-obj -mrelax-all --mrelax-relocations -disable-free -disable-llvm-verifier -discard-value-names -main-file-name CMakeCCompilerABI.c -mrelocation-model pic -pic-level 2 -mframe-pointer=all -fno-strict-return -fno-rounding-math -munwind-tables -target-sdk-version=11.3 -fvisibility-inlines-hidden-static-local-var -target-cpu penryn -tune-cpu generic -debugger-tuning=lldb -target-linker-version 711 -v -resource-dir /Library/Developer/CommandLineTools/usr/lib/clang/13.0.0 -dependency-file CMakeFiles/cmTC_a50de.dir/CMakeCCompilerABI.c.o.d -skip-unused-modulemap-deps -MT CMakeFiles/cmTC_a50de.dir/CMakeCCompilerABI.c.o -sys-header-deps -isysroot /Library/Developer/CommandLineTools/SDKs/MacOSX11.3.sdk -internal-isystem /Library/Developer/CommandLineTools/SDKs/MacOSX11.3.sdk/usr/local/include -internal-isystem /Library/Developer/CommandLineTools/usr/lib/clang/13.0.0/include -internal-externc-isystem /Library/Developer/CommandLineTools/SDKs/MacOSX11.3.sdk/usr/include -internal-externc-isystem /Library/Developer/CommandLineTools/usr/include -Wno-reorder-init-list -Wno-implicit-int-float-conversion -Wno-c99-designator -Wno-final-dtor-non-final-class -Wno-extra-semi-stmt -Wno-misleading-indentation -Wno-quoted-include-in-framework-header -Wno-implicit-fallthrough -Wno-enum-enum-conversion -Wno-enum-float-conversion -Wno-elaborated-enum-base -fdebug-compilation-dir /Users/henrikhaug/Documents/FREYA/fission_v2.0.5/build/CMakeFiles/CMakeTmp -ferror-limit 19 -stack-protector 1 -fstack-check -mdarwin-stkchk-strong-link -fblocks -fencode-extended-block-signature -fregister-global-dtors-with-atexit -fgnuc-version=4.2.1 -fmax-type-align=16 -fcommon -clang-vendor-feature=+nullptrToBoolConversion -clang-vendor-feature=+messageToSelfInClassMethodIdReturnType -clang-vendor-feature=+disableInferNewAvailabilityFromInit -clang-vendor-feature=+disableNeonImmediateRangeCheck -clang-vendor-feature=+disableNonDependentMemberExprInCurrentInstantiation -fno-odr-hash-protocols -clang-vendor-feature=+revert09abecef7bbf -mllvm -disable-aligned-alloc-awareness=1 -mllvm -enable-dse-memoryssa=0 -o CMakeFiles/cmTC_a50de.dir/CMakeCCompilerABI.c.o -x c /usr/local/Cellar/cmake/3.23.2/share/cmake/Modules/CMakeCCompilerABI.c]
  ignore line: [clang -cc1 version 13.0.0 (clang-1300.0.29.3) default target x86_64-apple-darwin20.6.0]
  ignore line: [ignoring nonexistent directory "/Library/Developer/CommandLineTools/SDKs/MacOSX11.3.sdk/usr/local/include"]
  ignore line: [ignoring nonexistent directory "/Library/Developer/CommandLineTools/SDKs/MacOSX11.3.sdk/Library/Frameworks"]
  ignore line: [#include "..." search starts here:]
  ignore line: [#include <...> search starts here:]
  ignore line: [ /Library/Developer/CommandLineTools/usr/lib/clang/13.0.0/include]
  ignore line: [ /Library/Developer/CommandLineTools/SDKs/MacOSX11.3.sdk/usr/include]
  ignore line: [ /Library/Developer/CommandLineTools/usr/include]
  ignore line: [ /Library/Developer/CommandLineTools/SDKs/MacOSX11.3.sdk/System/Library/Frameworks (framework directory)]
  ignore line: [End of search list.]
  ignore line: [Linking C executable cmTC_a50de]
  ignore line: [/usr/local/Cellar/cmake/3.23.2/bin/cmake -E cmake_link_script CMakeFiles/cmTC_a50de.dir/link.txt --verbose=1]
  ignore line: [/Library/Developer/CommandLineTools/usr/bin/cc  -isysroot /Library/Developer/CommandLineTools/SDKs/MacOSX11.3.sdk -Wl -search_paths_first -Wl -headerpad_max_install_names  -v -Wl -v CMakeFiles/cmTC_a50de.dir/CMakeCCompilerABI.c.o -o cmTC_a50de ]
  ignore line: [Apple clang version 13.0.0 (clang-1300.0.29.3)]
  ignore line: [Target: x86_64-apple-darwin20.6.0]
  ignore line: [Thread model: posix]
  ignore line: [InstalledDir: /Library/Developer/CommandLineTools/usr/bin]
  link line: [ "/Library/Developer/CommandLineTools/usr/bin/ld" -demangle -lto_library /Library/Developer/CommandLineTools/usr/lib/libLTO.dylib -dynamic -arch x86_64 -platform_version macos 11.0.0 11.3 -syslibroot /Library/Developer/CommandLineTools/SDKs/MacOSX11.3.sdk -o cmTC_a50de -search_paths_first -headerpad_max_install_names -v CMakeFiles/cmTC_a50de.dir/CMakeCCompilerABI.c.o -lSystem /Library/Developer/CommandLineTools/usr/lib/clang/13.0.0/lib/darwin/libclang_rt.osx.a]
    arg [/Library/Developer/CommandLineTools/usr/bin/ld] ==> ignore
    arg [-demangle] ==> ignore
    arg [-lto_library] ==> ignore, skip following value
    arg [/Library/Developer/CommandLineTools/usr/lib/libLTO.dylib] ==> skip value of -lto_library
    arg [-dynamic] ==> ignore
    arg [-arch] ==> ignore
    arg [x86_64] ==> ignore
    arg [-platform_version] ==> ignore
    arg [macos] ==> ignore
    arg [11.0.0] ==> ignore
    arg [11.3] ==> ignore
    arg [-syslibroot] ==> ignore
    arg [/Library/Developer/CommandLineTools/SDKs/MacOSX11.3.sdk] ==> ignore
    arg [-o] ==> ignore
    arg [cmTC_a50de] ==> ignore
    arg [-search_paths_first] ==> ignore
    arg [-headerpad_max_install_names] ==> ignore
    arg [-v] ==> ignore
    arg [CMakeFiles/cmTC_a50de.dir/CMakeCCompilerABI.c.o] ==> ignore
    arg [-lSystem] ==> lib [System]
    arg [/Library/Developer/CommandLineTools/usr/lib/clang/13.0.0/lib/darwin/libclang_rt.osx.a] ==> lib [/Library/Developer/CommandLineTools/usr/lib/clang/13.0.0/lib/darwin/libclang_rt.osx.a]
  Library search paths: [;/Library/Developer/CommandLineTools/SDKs/MacOSX11.3.sdk/usr/lib]
  Framework search paths: [;/Library/Developer/CommandLineTools/SDKs/MacOSX11.3.sdk/System/Library/Frameworks/]
  remove lib [System]
  remove lib [/Library/Developer/CommandLineTools/usr/lib/clang/13.0.0/lib/darwin/libclang_rt.osx.a]
  collapse library dir [/Library/Developer/CommandLineTools/SDKs/MacOSX11.3.sdk/usr/lib] ==> [/Library/Developer/CommandLineTools/SDKs/MacOSX11.3.sdk/usr/lib]
  collapse framework dir [/Library/Developer/CommandLineTools/SDKs/MacOSX11.3.sdk/System/Library/Frameworks/] ==> [/Library/Developer/CommandLineTools/SDKs/MacOSX11.3.sdk/System/Library/Frameworks]
  implicit libs: []
  implicit objs: []
  implicit dirs: [/Library/Developer/CommandLineTools/SDKs/MacOSX11.3.sdk/usr/lib]
  implicit fwks: [/Library/Developer/CommandLineTools/SDKs/MacOSX11.3.sdk/System/Library/Frameworks]


Detecting CXX compiler ABI info compiled with the following output:
Change Dir: /Users/henrikhaug/Documents/FREYA/fission_v2.0.5/build/CMakeFiles/CMakeTmp

Run Build Command(s):/usr/bin/make -f Makefile cmTC_adab7/fast && /Library/Developer/CommandLineTools/usr/bin/make  -f CMakeFiles/cmTC_adab7.dir/build.make CMakeFiles/cmTC_adab7.dir/build
Building CXX object CMakeFiles/cmTC_adab7.dir/CMakeCXXCompilerABI.cpp.o
/Library/Developer/CommandLineTools/usr/bin/c++   -isysroot /Library/Developer/CommandLineTools/SDKs/MacOSX11.3.sdk   -v -Wl,-v -MD -MT CMakeFiles/cmTC_adab7.dir/CMakeCXXCompilerABI.cpp.o -MF CMakeFiles/cmTC_adab7.dir/CMakeCXXCompilerABI.cpp.o.d -o CMakeFiles/cmTC_adab7.dir/CMakeCXXCompilerABI.cpp.o -c /usr/local/Cellar/cmake/3.23.2/share/cmake/Modules/CMakeCXXCompilerABI.cpp
Apple clang version 13.0.0 (clang-1300.0.29.3)
Target: x86_64-apple-darwin20.6.0
Thread model: posix
InstalledDir: /Library/Developer/CommandLineTools/usr/bin
clang: warning: -Wl,-v: 'linker' input unused [-Wunused-command-line-argument]
 "/Library/Developer/CommandLineTools/usr/bin/clang" -cc1 -triple x86_64-apple-macosx11.0.0 -Wundef-prefix=TARGET_OS_ -Wdeprecated-objc-isa-usage -Werror=deprecated-objc-isa-usage -Werror=implicit-function-declaration -emit-obj -mrelax-all --mrelax-relocations -disable-free -disable-llvm-verifier -discard-value-names -main-file-name CMakeCXXCompilerABI.cpp -mrelocation-model pic -pic-level 2 -mframe-pointer=all -fno-strict-return -fno-rounding-math -munwind-tables -target-sdk-version=11.3 -fvisibility-inlines-hidden-static-local-var -target-cpu penryn -tune-cpu generic -debugger-tuning=lldb -target-linker-version 711 -v -resource-dir /Library/Developer/CommandLineTools/usr/lib/clang/13.0.0 -dependency-file CMakeFiles/cmTC_adab7.dir/CMakeCXXCompilerABI.cpp.o.d -skip-unused-modulemap-deps -MT CMakeFiles/cmTC_adab7.dir/CMakeCXXCompilerABI.cpp.o -sys-header-deps -isysroot /Library/Developer/CommandLineTools/SDKs/MacOSX11.3.sdk -stdlib=libc++ -internal-isystem /Library/Developer/CommandLineTools/SDKs/MacOSX11.3.sdk/usr/include/c++/v1 -internal-isystem /Library/Developer/CommandLineTools/SDKs/MacOSX11.3.sdk/usr/local/include -internal-isystem /Library/Developer/CommandLineTools/usr/lib/clang/13.0.0/include -internal-externc-isystem /Library/Developer/CommandLineTools/SDKs/MacOSX11.3.sdk/usr/include -internal-externc-isystem /Library/Developer/CommandLineTools/usr/include -Wno-reorder-init-list -Wno-implicit-int-float-conversion -Wno-c99-designator -Wno-final-dtor-non-final-class -Wno-extra-semi-stmt -Wno-misleading-indentation -Wno-quoted-include-in-framework-header -Wno-implicit-fallthrough -Wno-enum-enum-conversion -Wno-enum-float-conversion -Wno-elaborated-enum-base -fdeprecated-macro -fdebug-compilation-dir /Users/henrikhaug/Documents/FREYA/fission_v2.0.5/build/CMakeFiles/CMakeTmp -ferror-limit 19 -stack-protector 1 -fstack-check -mdarwin-stkchk-strong-link -fblocks -fencode-extended-block-signature -fregister-global-dtors-with-atexit -fgnuc-version=4.2.1 -fno-cxx-modules -fcxx-exceptions -fexceptions -fmax-type-align=16 -fcommon -clang-vendor-feature=+nullptrToBoolConversion -clang-vendor-feature=+messageToSelfInClassMethodIdReturnType -clang-vendor-feature=+disableInferNewAvailabilityFromInit -clang-vendor-feature=+disableNeonImmediateRangeCheck -clang-vendor-feature=+disableNonDependentMemberExprInCurrentInstantiation -fno-odr-hash-protocols -clang-vendor-feature=+revert09abecef7bbf -mllvm -disable-aligned-alloc-awareness=1 -mllvm -enable-dse-memoryssa=0 -o CMakeFiles/cmTC_adab7.dir/CMakeCXXCompilerABI.cpp.o -x c++ /usr/local/Cellar/cmake/3.23.2/share/cmake/Modules/CMakeCXXCompilerABI.cpp
clang -cc1 version 13.0.0 (clang-1300.0.29.3) default target x86_64-apple-darwin20.6.0
ignoring nonexistent directory "/Library/Developer/CommandLineTools/SDKs/MacOSX11.3.sdk/usr/local/include"
ignoring nonexistent directory "/Library/Developer/CommandLineTools/SDKs/MacOSX11.3.sdk/Library/Frameworks"
#include "..." search starts here:
#include <...> search starts here:
 /Library/Developer/CommandLineTools/SDKs/MacOSX11.3.sdk/usr/include/c++/v1
 /Library/Developer/CommandLineTools/usr/lib/clang/13.0.0/include
 /Library/Developer/CommandLineTools/SDKs/MacOSX11.3.sdk/usr/include
 /Library/Developer/CommandLineTools/usr/include
 /Library/Developer/CommandLineTools/SDKs/MacOSX11.3.sdk/System/Library/Frameworks (framework directory)
End of search list.
Linking CXX executable cmTC_adab7
/usr/local/Cellar/cmake/3.23.2/bin/cmake -E cmake_link_script CMakeFiles/cmTC_adab7.dir/link.txt --verbose=1
/Library/Developer/CommandLineTools/usr/bin/c++  -isysroot /Library/Developer/CommandLineTools/SDKs/MacOSX11.3.sdk -Wl,-search_paths_first -Wl,-headerpad_max_install_names  -v -Wl,-v CMakeFiles/cmTC_adab7.dir/CMakeCXXCompilerABI.cpp.o -o cmTC_adab7 
Apple clang version 13.0.0 (clang-1300.0.29.3)
Target: x86_64-apple-darwin20.6.0
Thread model: posix
InstalledDir: /Library/Developer/CommandLineTools/usr/bin
 "/Library/Developer/CommandLineTools/usr/bin/ld" -demangle -lto_library /Library/Developer/CommandLineTools/usr/lib/libLTO.dylib -dynamic -arch x86_64 -platform_version macos 11.0.0 11.3 -syslibroot /Library/Developer/CommandLineTools/SDKs/MacOSX11.3.sdk -o cmTC_adab7 -search_paths_first -headerpad_max_install_names -v CMakeFiles/cmTC_adab7.dir/CMakeCXXCompilerABI.cpp.o -lc++ -lSystem /Library/Developer/CommandLineTools/usr/lib/clang/13.0.0/lib/darwin/libclang_rt.osx.a
@(#)PROGRAM:ld  PROJECT:ld64-711
BUILD 14:59:24 Aug 21 2021
configured to support archs: armv6 armv7 armv7s arm64 arm64e arm64_32 i386 x86_64 x86_64h armv6m armv7k armv7m armv7em
Library search paths:
	/Library/Developer/CommandLineTools/SDKs/MacOSX11.3.sdk/usr/lib
Framework search paths:
	/Library/Developer/CommandLineTools/SDKs/MacOSX11.3.sdk/System/Library/Frameworks/



Parsed CXX implicit include dir info from above output: rv=done
  found start of include info
  found start of implicit include info
    add: [/Library/Developer/CommandLineTools/SDKs/MacOSX11.3.sdk/usr/include/c++/v1]
    add: [/Library/Developer/CommandLineTools/usr/lib/clang/13.0.0/include]
    add: [/Library/Developer/CommandLineTools/SDKs/MacOSX11.3.sdk/usr/include]
    add: [/Library/Developer/CommandLineTools/usr/include]
  end of search list found
  collapse include dir [/Library/Developer/CommandLineTools/SDKs/MacOSX11.3.sdk/usr/include/c++/v1] ==> [/Library/Developer/CommandLineTools/SDKs/MacOSX11.3.sdk/usr/include/c++/v1]
  collapse include dir [/Library/Developer/CommandLineTools/usr/lib/clang/13.0.0/include] ==> [/Library/Developer/CommandLineTools/usr/lib/clang/13.0.0/include]
  collapse include dir [/Library/Developer/CommandLineTools/SDKs/MacOSX11.3.sdk/usr/include] ==> [/Library/Developer/CommandLineTools/SDKs/MacOSX11.3.sdk/usr/include]
  collapse include dir [/Library/Developer/CommandLineTools/usr/include] ==> [/Library/Developer/CommandLineTools/usr/include]
  implicit include dirs: [/Library/Developer/CommandLineTools/SDKs/MacOSX11.3.sdk/usr/include/c++/v1;/Library/Developer/CommandLineTools/usr/lib/clang/13.0.0/include;/Library/Developer/CommandLineTools/SDKs/MacOSX11.3.sdk/usr/include;/Library/Developer/CommandLineTools/usr/include]


Parsed CXX implicit link information from above output:
  link line regex: [^( *|.*[/\])(ld|CMAKE_LINK_STARTFILE-NOTFOUND|([^/\]+-)?ld|collect2)[^/\]*( |$)]
  ignore line: [Change Dir: /Users/henrikhaug/Documents/FREYA/fission_v2.0.5/build/CMakeFiles/CMakeTmp]
  ignore line: []
  ignore line: [Run Build Command(s):/usr/bin/make -f Makefile cmTC_adab7/fast && /Library/Developer/CommandLineTools/usr/bin/make  -f CMakeFiles/cmTC_adab7.dir/build.make CMakeFiles/cmTC_adab7.dir/build]
  ignore line: [Building CXX object CMakeFiles/cmTC_adab7.dir/CMakeCXXCompilerABI.cpp.o]
  ignore line: [/Library/Developer/CommandLineTools/usr/bin/c++   -isysroot /Library/Developer/CommandLineTools/SDKs/MacOSX11.3.sdk   -v -Wl -v -MD -MT CMakeFiles/cmTC_adab7.dir/CMakeCXXCompilerABI.cpp.o -MF CMakeFiles/cmTC_adab7.dir/CMakeCXXCompilerABI.cpp.o.d -o CMakeFiles/cmTC_adab7.dir/CMakeCXXCompilerABI.cpp.o -c /usr/local/Cellar/cmake/3.23.2/share/cmake/Modules/CMakeCXXCompilerABI.cpp]
  ignore line: [Apple clang version 13.0.0 (clang-1300.0.29.3)]
  ignore line: [Target: x86_64-apple-darwin20.6.0]
  ignore line: [Thread model: posix]
  ignore line: [InstalledDir: /Library/Developer/CommandLineTools/usr/bin]
  ignore line: [clang: warning: -Wl -v: 'linker' input unused [-Wunused-command-line-argument]]
  ignore line: [ "/Library/Developer/CommandLineTools/usr/bin/clang" -cc1 -triple x86_64-apple-macosx11.0.0 -Wundef-prefix=TARGET_OS_ -Wdeprecated-objc-isa-usage -Werror=deprecated-objc-isa-usage -Werror=implicit-function-declaration -emit-obj -mrelax-all --mrelax-relocations -disable-free -disable-llvm-verifier -discard-value-names -main-file-name CMakeCXXCompilerABI.cpp -mrelocation-model pic -pic-level 2 -mframe-pointer=all -fno-strict-return -fno-rounding-math -munwind-tables -target-sdk-version=11.3 -fvisibility-inlines-hidden-static-local-var -target-cpu penryn -tune-cpu generic -debugger-tuning=lldb -target-linker-version 711 -v -resource-dir /Library/Developer/CommandLineTools/usr/lib/clang/13.0.0 -dependency-file CMakeFiles/cmTC_adab7.dir/CMakeCXXCompilerABI.cpp.o.d -skip-unused-modulemap-deps -MT CMakeFiles/cmTC_adab7.dir/CMakeCXXCompilerABI.cpp.o -sys-header-deps -isysroot /Library/Developer/CommandLineTools/SDKs/MacOSX11.3.sdk -stdlib=libc++ -internal-isystem /Library/Developer/CommandLineTools/SDKs/MacOSX11.3.sdk/usr/include/c++/v1 -internal-isystem /Library/Developer/CommandLineTools/SDKs/MacOSX11.3.sdk/usr/local/include -internal-isystem /Library/Developer/CommandLineTools/usr/lib/clang/13.0.0/include -internal-externc-isystem /Library/Developer/CommandLineTools/SDKs/MacOSX11.3.sdk/usr/include -internal-externc-isystem /Library/Developer/CommandLineTools/usr/include -Wno-reorder-init-list -Wno-implicit-int-float-conversion -Wno-c99-designator -Wno-final-dtor-non-final-class -Wno-extra-semi-stmt -Wno-misleading-indentation -Wno-quoted-include-in-framework-header -Wno-implicit-fallthrough -Wno-enum-enum-conversion -Wno-enum-float-conversion -Wno-elaborated-enum-base -fdeprecated-macro -fdebug-compilation-dir /Users/henrikhaug/Documents/FREYA/fission_v2.0.5/build/CMakeFiles/CMakeTmp -ferror-limit 19 -stack-protector 1 -fstack-check -mdarwin-stkchk-strong-link -fblocks -fencode-extended-block-signature -fregister-global-dtors-with-atexit -fgnuc-version=4.2.1 -fno-cxx-modules -fcxx-exceptions -fexceptions -fmax-type-align=16 -fcommon -clang-vendor-feature=+nullptrToBoolConversion -clang-vendor-feature=+messageToSelfInClassMethodIdReturnType -clang-vendor-feature=+disableInferNewAvailabilityFromInit -clang-vendor-feature=+disableNeonImmediateRangeCheck -clang-vendor-feature=+disableNonDependentMemberExprInCurrentInstantiation -fno-odr-hash-protocols -clang-vendor-feature=+revert09abecef7bbf -mllvm -disable-aligned-alloc-awareness=1 -mllvm -enable-dse-memoryssa=0 -o CMakeFiles/cmTC_adab7.dir/CMakeCXXCompilerABI.cpp.o -x c++ /usr/local/Cellar/cmake/3.23.2/share/cmake/Modules/CMakeCXXCompilerABI.cpp]
  ignore line: [clang -cc1 version 13.0.0 (clang-1300.0.29.3) default target x86_64-apple-darwin20.6.0]
  ignore line: [ignoring nonexistent directory "/Library/Developer/CommandLineTools/SDKs/MacOSX11.3.sdk/usr/local/include"]
  ignore line: [ignoring nonexistent directory "/Library/Developer/CommandLineTools/SDKs/MacOSX11.3.sdk/Library/Frameworks"]
  ignore line: [#include "..." search starts here:]
  ignore line: [#include <...> search starts here:]
  ignore line: [ /Library/Developer/CommandLineTools/SDKs/MacOSX11.3.sdk/usr/include/c++/v1]
  ignore line: [ /Library/Developer/CommandLineTools/usr/lib/clang/13.0.0/include]
  ignore line: [ /Library/Developer/CommandLineTools/SDKs/MacOSX11.3.sdk/usr/include]
  ignore line: [ /Library/Developer/CommandLineTools/usr/include]
  ignore line: [ /Library/Developer/CommandLineTools/SDKs/MacOSX11.3.sdk/System/Library/Frameworks (framework directory)]
  ignore line: [End of search list.]
  ignore line: [Linking CXX executable cmTC_adab7]
  ignore line: [/usr/local/Cellar/cmake/3.23.2/bin/cmake -E cmake_link_script CMakeFiles/cmTC_adab7.dir/link.txt --verbose=1]
  ignore line: [/Library/Developer/CommandLineTools/usr/bin/c++  -isysroot /Library/Developer/CommandLineTools/SDKs/MacOSX11.3.sdk -Wl -search_paths_first -Wl -headerpad_max_install_names  -v -Wl -v CMakeFiles/cmTC_adab7.dir/CMakeCXXCompilerABI.cpp.o -o cmTC_adab7 ]
  ignore line: [Apple clang version 13.0.0 (clang-1300.0.29.3)]
  ignore line: [Target: x86_64-apple-darwin20.6.0]
  ignore line: [Thread model: posix]
  ignore line: [InstalledDir: /Library/Developer/CommandLineTools/usr/bin]
  link line: [ "/Library/Developer/CommandLineTools/usr/bin/ld" -demangle -lto_library /Library/Developer/CommandLineTools/usr/lib/libLTO.dylib -dynamic -arch x86_64 -platform_version macos 11.0.0 11.3 -syslibroot /Library/Developer/CommandLineTools/SDKs/MacOSX11.3.sdk -o cmTC_adab7 -search_paths_first -headerpad_max_install_names -v CMakeFiles/cmTC_adab7.dir/CMakeCXXCompilerABI.cpp.o -lc++ -lSystem /Library/Developer/CommandLineTools/usr/lib/clang/13.0.0/lib/darwin/libclang_rt.osx.a]
    arg [/Library/Developer/CommandLineTools/usr/bin/ld] ==> ignore
    arg [-demangle] ==> ignore
    arg [-lto_library] ==> ignore, skip following value
    arg [/Library/Developer/CommandLineTools/usr/lib/libLTO.dylib] ==> skip value of -lto_library
    arg [-dynamic] ==> ignore
    arg [-arch] ==> ignore
    arg [x86_64] ==> ignore
    arg [-platform_version] ==> ignore
    arg [macos] ==> ignore
    arg [11.0.0] ==> ignore
    arg [11.3] ==> ignore
    arg [-syslibroot] ==> ignore
    arg [/Library/Developer/CommandLineTools/SDKs/MacOSX11.3.sdk] ==> ignore
    arg [-o] ==> ignore
    arg [cmTC_adab7] ==> ignore
    arg [-search_paths_first] ==> ignore
    arg [-headerpad_max_install_names] ==> ignore
    arg [-v] ==> ignore
    arg [CMakeFiles/cmTC_adab7.dir/CMakeCXXCompilerABI.cpp.o] ==> ignore
    arg [-lc++] ==> lib [c++]
    arg [-lSystem] ==> lib [System]
    arg [/Library/Developer/CommandLineTools/usr/lib/clang/13.0.0/lib/darwin/libclang_rt.osx.a] ==> lib [/Library/Developer/CommandLineTools/usr/lib/clang/13.0.0/lib/darwin/libclang_rt.osx.a]
  Library search paths: [;/Library/Developer/CommandLineTools/SDKs/MacOSX11.3.sdk/usr/lib]
  Framework search paths: [;/Library/Developer/CommandLineTools/SDKs/MacOSX11.3.sdk/System/Library/Frameworks/]
  remove lib [System]
  remove lib [/Library/Developer/CommandLineTools/usr/lib/clang/13.0.0/lib/darwin/libclang_rt.osx.a]
  collapse library dir [/Library/Developer/CommandLineTools/SDKs/MacOSX11.3.sdk/usr/lib] ==> [/Library/Developer/CommandLineTools/SDKs/MacOSX11.3.sdk/usr/lib]
  collapse framework dir [/Library/Developer/CommandLineTools/SDKs/MacOSX11.3.sdk/System/Library/Frameworks/] ==> [/Library/Developer/CommandLineTools/SDKs/MacOSX11.3.sdk/System/Library/Frameworks]
  implicit libs: [c++]
  implicit objs: []
  implicit dirs: [/Library/Developer/CommandLineTools/SDKs/MacOSX11.3.sdk/usr/lib]
  implicit fwks: [/Library/Developer/CommandLineTools/SDKs/MacOSX11.3.sdk/System/Library/Frameworks]


Detecting Fortran compiler ABI info compiled with the following output:
Change Dir: /Users/henrikhaug/Documents/FREYA/fission_v2.0.5/build/CMakeFiles/CMakeTmp

Run Build Command(s):/usr/bin/make -f Makefile cmTC_ff043/fast && /Library/Developer/CommandLineTools/usr/bin/make  -f CMakeFiles/cmTC_ff043.dir/build.make CMakeFiles/cmTC_ff043.dir/build
Building Fortran object CMakeFiles/cmTC_ff043.dir/CMakeFortranCompilerABI.F90.o
/usr/local/bin/gfortran   -isysroot /Library/Developer/CommandLineTools/SDKs/MacOSX11.3.sdk   -v -Wl,-v -c /usr/local/Cellar/cmake/3.23.2/share/cmake/Modules/CMakeFortranCompilerABI.F90 -o CMakeFiles/cmTC_ff043.dir/CMakeFortranCompilerABI.F90.o
Using built-in specs.
COLLECT_GCC=/usr/local/bin/gfortran
Target: x86_64-apple-darwin20
Configured with: ../configure --prefix=/usr/local/Cellar/gcc/11.2.0 --libdir=/usr/local/Cellar/gcc/11.2.0/lib/gcc/11 --disable-nls --enable-checking=release --enable-languages=c,c++,objc,obj-c++,fortran,d --program-suffix=-11 --with-gmp=/usr/local/opt/gmp --with-mpfr=/usr/local/opt/mpfr --with-mpc=/usr/local/opt/libmpc --with-isl=/usr/local/opt/isl --with-zstd=/usr/local/opt/zstd --with-pkgversion='Homebrew GCC 11.2.0' --with-bugurl=https://github.com/Homebrew/homebrew-core/issues --enable-libphobos --build=x86_64-apple-darwin20 --with-system-zlib --disable-multilib --without-build-config --with-native-system-header-dir=/usr/include --with-sysroot=/Library/Developer/CommandLineTools/SDKs/MacOSX.sdk
Thread model: posix
Supported LTO compression algorithms: zlib zstd
gcc version 11.2.0 (Homebrew GCC 11.2.0) 
COLLECT_GCC_OPTIONS='-isysroot' '/Library/Developer/CommandLineTools/SDKs/MacOSX11.3.sdk' '-v' '-c' '-o' 'CMakeFiles/cmTC_ff043.dir/CMakeFortranCompilerABI.F90.o' '-mmacosx-version-min=11.5.0' '-asm_macosx_version_min=11.5' '-mtune=core2' '-dumpdir' 'CMakeFiles/cmTC_ff043.dir/'
 /usr/local/Cellar/gcc/11.2.0/libexec/gcc/x86_64-apple-darwin20/11.2.0/f951 /usr/local/Cellar/cmake/3.23.2/share/cmake/Modules/CMakeFortranCompilerABI.F90 -cpp=/var/folders/cd/fgr0qn_s2znfbcwjj98ykkfr0000gn/T//cc3eFRlK.f90 -quiet -v -D__DYNAMIC__ -isysroot /Library/Developer/CommandLineTools/SDKs/MacOSX11.3.sdk /usr/local/Cellar/cmake/3.23.2/share/cmake/Modules/CMakeFortranCompilerABI.F90 -fPIC -quiet -dumpdir CMakeFiles/cmTC_ff043.dir/ -dumpbase CMakeFortranCompilerABI.F90.F90 -dumpbase-ext .F90 -mmacosx-version-min=11.5.0 -mtune=core2 -version -fintrinsic-modules-path /usr/local/Cellar/gcc/11.2.0/lib/gcc/11/gcc/x86_64-apple-darwin20/11.2.0/finclude -o /var/folders/cd/fgr0qn_s2znfbcwjj98ykkfr0000gn/T//ccR9fULq.s
GNU Fortran (Homebrew GCC 11.2.0) version 11.2.0 (x86_64-apple-darwin20)
	compiled by GNU C version 11.2.0, GMP version 6.2.1, MPFR version 4.1.0, MPC version 1.2.1, isl version isl-0.24-GMP

GGC heuristics: --param ggc-min-expand=100 --param ggc-min-heapsize=131072
ignoring nonexistent directory "/Library/Developer/CommandLineTools/SDKs/MacOSX11.3.sdk/usr/local/include"
ignoring nonexistent directory "/usr/local/Cellar/gcc/11.2.0/lib/gcc/11/gcc/x86_64-apple-darwin20/11.2.0/../../../../../../x86_64-apple-darwin20/include"
#include "..." search starts here:
#include <...> search starts here:
 /usr/local/Cellar/gcc/11.2.0/lib/gcc/11/gcc/x86_64-apple-darwin20/11.2.0/finclude
 /usr/local/Cellar/gcc/11.2.0/lib/gcc/11/gcc/x86_64-apple-darwin20/11.2.0/include
 /usr/local/Cellar/gcc/11.2.0/lib/gcc/11/gcc/x86_64-apple-darwin20/11.2.0/include-fixed
 /Library/Developer/CommandLineTools/SDKs/MacOSX11.3.sdk/usr/include
End of search list.
GNU Fortran2008 (Homebrew GCC 11.2.0) version 11.2.0 (x86_64-apple-darwin20)
	compiled by GNU C version 11.2.0, GMP version 6.2.1, MPFR version 4.1.0, MPC version 1.2.1, isl version isl-0.24-GMP

GGC heuristics: --param ggc-min-expand=100 --param ggc-min-heapsize=131072
COLLECT_GCC_OPTIONS='-isysroot' '/Library/Developer/CommandLineTools/SDKs/MacOSX11.3.sdk' '-v' '-c' '-o' 'CMakeFiles/cmTC_ff043.dir/CMakeFortranCompilerABI.F90.o' '-mmacosx-version-min=11.5.0'  '-mtune=core2' '-dumpdir' 'CMakeFiles/cmTC_ff043.dir/'
 as -arch x86_64 -v -force_cpusubtype_ALL -mmacosx-version-min=11.5 -o CMakeFiles/cmTC_ff043.dir/CMakeFortranCompilerABI.F90.o /var/folders/cd/fgr0qn_s2znfbcwjj98ykkfr0000gn/T//ccR9fULq.s
Apple clang version 13.0.0 (clang-1300.0.29.3)
Target: x86_64-apple-darwin20.6.0
Thread model: posix
InstalledDir: /Library/Developer/CommandLineTools/usr/bin
 "/Library/Developer/CommandLineTools/usr/bin/clang" -cc1as -triple x86_64-apple-macosx11.5.0 -filetype obj -main-file-name ccR9fULq.s -target-cpu penryn -fdebug-compilation-dir /Users/henrikhaug/Documents/FREYA/fission_v2.0.5/build/CMakeFiles/CMakeTmp -dwarf-debug-producer "Apple clang version 13.0.0 (clang-1300.0.29.3)" -dwarf-version=4 -mrelocation-model pic --mrelax-relocations -mllvm -disable-aligned-alloc-awareness=1 -mllvm -enable-dse-memoryssa=0 -o CMakeFiles/cmTC_ff043.dir/CMakeFortranCompilerABI.F90.o /var/folders/cd/fgr0qn_s2znfbcwjj98ykkfr0000gn/T//ccR9fULq.s
COMPILER_PATH=/usr/local/Cellar/gcc/11.2.0/libexec/gcc/x86_64-apple-darwin20/11.2.0/:/usr/local/Cellar/gcc/11.2.0/libexec/gcc/x86_64-apple-darwin20/11.2.0/:/usr/local/Cellar/gcc/11.2.0/libexec/gcc/x86_64-apple-darwin20/:/usr/local/Cellar/gcc/11.2.0/lib/gcc/11/gcc/x86_64-apple-darwin20/11.2.0/:/usr/local/Cellar/gcc/11.2.0/lib/gcc/11/gcc/x86_64-apple-darwin20/
LIBRARY_PATH=/usr/local/Cellar/gcc/11.2.0/lib/gcc/11/gcc/x86_64-apple-darwin20/11.2.0/:/usr/local/Cellar/gcc/11.2.0/lib/gcc/11/gcc/x86_64-apple-darwin20/11.2.0/../../../
COLLECT_GCC_OPTIONS='-isysroot' '/Library/Developer/CommandLineTools/SDKs/MacOSX11.3.sdk' '-v' '-c' '-o' 'CMakeFiles/cmTC_ff043.dir/CMakeFortranCompilerABI.F90.o' '-mmacosx-version-min=11.5.0'  '-mtune=core2' '-dumpdir' 'CMakeFiles/cmTC_ff043.dir/CMakeFortranCompilerABI.F90.'
Linking Fortran executable cmTC_ff043
/usr/local/Cellar/cmake/3.23.2/bin/cmake -E cmake_link_script CMakeFiles/cmTC_ff043.dir/link.txt --verbose=1
/usr/local/bin/gfortran  -v -Wl,-v  -isysroot /Library/Developer/CommandLineTools/SDKs/MacOSX11.3.sdk CMakeFiles/cmTC_ff043.dir/CMakeFortranCompilerABI.F90.o -o cmTC_ff043 
Driving: /usr/local/bin/gfortran -v -Wl,-v -isysroot /Library/Developer/CommandLineTools/SDKs/MacOSX11.3.sdk CMakeFiles/cmTC_ff043.dir/CMakeFortranCompilerABI.F90.o -o cmTC_ff043 -mmacosx-version-min=11.5.0 -asm_macosx_version_min=11.5 -l gfortran -shared-libgcc
Using built-in specs.
COLLECT_GCC=/usr/local/bin/gfortran
COLLECT_LTO_WRAPPER=/usr/local/Cellar/gcc/11.2.0/libexec/gcc/x86_64-apple-darwin20/11.2.0/lto-wrapper
Target: x86_64-apple-darwin20
Configured with: ../configure --prefix=/usr/local/Cellar/gcc/11.2.0 --libdir=/usr/local/Cellar/gcc/11.2.0/lib/gcc/11 --disable-nls --enable-checking=release --enable-languages=c,c++,objc,obj-c++,fortran,d --program-suffix=-11 --with-gmp=/usr/local/opt/gmp --with-mpfr=/usr/local/opt/mpfr --with-mpc=/usr/local/opt/libmpc --with-isl=/usr/local/opt/isl --with-zstd=/usr/local/opt/zstd --with-pkgversion='Homebrew GCC 11.2.0' --with-bugurl=https://github.com/Homebrew/homebrew-core/issues --enable-libphobos --build=x86_64-apple-darwin20 --with-system-zlib --disable-multilib --without-build-config --with-native-system-header-dir=/usr/include --with-sysroot=/Library/Developer/CommandLineTools/SDKs/MacOSX.sdk
Thread model: posix
Supported LTO compression algorithms: zlib zstd
gcc version 11.2.0 (Homebrew GCC 11.2.0) 
Reading specs from /usr/local/Cellar/gcc/11.2.0/lib/gcc/11/gcc/x86_64-apple-darwin20/11.2.0/../../../libgfortran.spec
rename spec lib to liborig
COLLECT_GCC_OPTIONS='-v' '-isysroot' '/Library/Developer/CommandLineTools/SDKs/MacOSX11.3.sdk' '-o' 'cmTC_ff043' '-mmacosx-version-min=11.5.0' '-asm_macosx_version_min=11.5' '-shared-libgcc' '-mtune=core2' '-dumpdir' 'cmTC_ff043-'
COMPILER_PATH=/usr/local/Cellar/gcc/11.2.0/libexec/gcc/x86_64-apple-darwin20/11.2.0/:/usr/local/Cellar/gcc/11.2.0/libexec/gcc/x86_64-apple-darwin20/11.2.0/:/usr/local/Cellar/gcc/11.2.0/libexec/gcc/x86_64-apple-darwin20/:/usr/local/Cellar/gcc/11.2.0/lib/gcc/11/gcc/x86_64-apple-darwin20/11.2.0/:/usr/local/Cellar/gcc/11.2.0/lib/gcc/11/gcc/x86_64-apple-darwin20/
LIBRARY_PATH=/usr/local/Cellar/gcc/11.2.0/lib/gcc/11/gcc/x86_64-apple-darwin20/11.2.0/:/usr/local/Cellar/gcc/11.2.0/lib/gcc/11/gcc/x86_64-apple-darwin20/11.2.0/../../../
COLLECT_GCC_OPTIONS='-v' '-isysroot' '/Library/Developer/CommandLineTools/SDKs/MacOSX11.3.sdk' '-o' 'cmTC_ff043' '-mmacosx-version-min=11.5.0' '-asm_macosx_version_min=11.5' '-shared-libgcc' '-mtune=core2' '-dumpdir' 'cmTC_ff043.'
 /usr/local/Cellar/gcc/11.2.0/libexec/gcc/x86_64-apple-darwin20/11.2.0/collect2 -dynamic -arch x86_64 -macosx_version_min 11.5.0 -syslibroot /Library/Developer/CommandLineTools/SDKs/MacOSX11.3.sdk -weak_reference_mismatches non-weak -o cmTC_ff043 -L/usr/local/Cellar/gcc/11.2.0/lib/gcc/11/gcc/x86_64-apple-darwin20/11.2.0 -L/usr/local/Cellar/gcc/11.2.0/lib/gcc/11/gcc/x86_64-apple-darwin20/11.2.0/../../.. -v CMakeFiles/cmTC_ff043.dir/CMakeFortranCompilerABI.F90.o -lgfortran -lSystem -lgcc_ext.10.5 -lgcc -lquadmath -lm -lgcc_ext.10.5 -lgcc -lSystem -no_compact_unwind -v
collect2 version 11.2.0
/usr/bin/ld -dynamic -arch x86_64 -macosx_version_min 11.5.0 -syslibroot /Library/Developer/CommandLineTools/SDKs/MacOSX11.3.sdk -weak_reference_mismatches non-weak -o cmTC_ff043 -L/usr/local/Cellar/gcc/11.2.0/lib/gcc/11/gcc/x86_64-apple-darwin20/11.2.0 -L/usr/local/Cellar/gcc/11.2.0/lib/gcc/11/gcc/x86_64-apple-darwin20/11.2.0/../../.. -v CMakeFiles/cmTC_ff043.dir/CMakeFortranCompilerABI.F90.o -lgfortran -lSystem -lgcc_ext.10.5 -lgcc -lquadmath -lm -lgcc_ext.10.5 -lgcc -lSystem -no_compact_unwind -v
@(#)PROGRAM:ld  PROJECT:ld64-711
BUILD 14:59:24 Aug 21 2021
configured to support archs: armv6 armv7 armv7s arm64 arm64e arm64_32 i386 x86_64 x86_64h armv6m armv7k armv7m armv7em
@(#)PROGRAM:ld  PROJECT:ld64-711
BUILD 14:59:24 Aug 21 2021
configured to support archs: armv6 armv7 armv7s arm64 arm64e arm64_32 i386 x86_64 x86_64h armv6m armv7k armv7m armv7em
Library search paths:
	/usr/local/Cellar/gcc/11.2.0/lib/gcc/11/gcc/x86_64-apple-darwin20/11.2.0
	/usr/local/Cellar/gcc/11.2.0/lib/gcc/11
	/Library/Developer/CommandLineTools/SDKs/MacOSX11.3.sdk/usr/lib
Framework search paths:
	/Library/Developer/CommandLineTools/SDKs/MacOSX11.3.sdk/System/Library/Frameworks/



Parsed Fortran implicit include dir info from above output: rv=done
  found start of include info
  found start of implicit include info
    add: [/usr/local/Cellar/gcc/11.2.0/lib/gcc/11/gcc/x86_64-apple-darwin20/11.2.0/finclude]
    add: [/usr/local/Cellar/gcc/11.2.0/lib/gcc/11/gcc/x86_64-apple-darwin20/11.2.0/include]
    add: [/usr/local/Cellar/gcc/11.2.0/lib/gcc/11/gcc/x86_64-apple-darwin20/11.2.0/include-fixed]
    add: [/Library/Developer/CommandLineTools/SDKs/MacOSX11.3.sdk/usr/include]
  end of search list found
  collapse include dir [/usr/local/Cellar/gcc/11.2.0/lib/gcc/11/gcc/x86_64-apple-darwin20/11.2.0/finclude] ==> [/usr/local/Cellar/gcc/11.2.0/lib/gcc/11/gcc/x86_64-apple-darwin20/11.2.0/finclude]
  collapse include dir [/usr/local/Cellar/gcc/11.2.0/lib/gcc/11/gcc/x86_64-apple-darwin20/11.2.0/include] ==> [/usr/local/Cellar/gcc/11.2.0/lib/gcc/11/gcc/x86_64-apple-darwin20/11.2.0/include]
  collapse include dir [/usr/local/Cellar/gcc/11.2.0/lib/gcc/11/gcc/x86_64-apple-darwin20/11.2.0/include-fixed] ==> [/usr/local/Cellar/gcc/11.2.0/lib/gcc/11/gcc/x86_64-apple-darwin20/11.2.0/include-fixed]
  collapse include dir [/Library/Developer/CommandLineTools/SDKs/MacOSX11.3.sdk/usr/include] ==> [/Library/Developer/CommandLineTools/SDKs/MacOSX11.3.sdk/usr/include]
  implicit include dirs: [/usr/local/Cellar/gcc/11.2.0/lib/gcc/11/gcc/x86_64-apple-darwin20/11.2.0/finclude;/usr/local/Cellar/gcc/11.2.0/lib/gcc/11/gcc/x86_64-apple-darwin20/11.2.0/include;/usr/local/Cellar/gcc/11.2.0/lib/gcc/11/gcc/x86_64-apple-darwin20/11.2.0/include-fixed;/Library/Developer/CommandLineTools/SDKs/MacOSX11.3.sdk/usr/include]


Parsed Fortran implicit link information from above output:
  link line regex: [^( *|.*[/\])(ld|CMAKE_LINK_STARTFILE-NOTFOUND|([^/\]+-)?ld|collect2)[^/\]*( |$)]
  ignore line: [Change Dir: /Users/henrikhaug/Documents/FREYA/fission_v2.0.5/build/CMakeFiles/CMakeTmp]
  ignore line: []
  ignore line: [Run Build Command(s):/usr/bin/make -f Makefile cmTC_ff043/fast && /Library/Developer/CommandLineTools/usr/bin/make  -f CMakeFiles/cmTC_ff043.dir/build.make CMakeFiles/cmTC_ff043.dir/build]
  ignore line: [Building Fortran object CMakeFiles/cmTC_ff043.dir/CMakeFortranCompilerABI.F90.o]
  ignore line: [/usr/local/bin/gfortran   -isysroot /Library/Developer/CommandLineTools/SDKs/MacOSX11.3.sdk   -v -Wl -v -c /usr/local/Cellar/cmake/3.23.2/share/cmake/Modules/CMakeFortranCompilerABI.F90 -o CMakeFiles/cmTC_ff043.dir/CMakeFortranCompilerABI.F90.o]
  ignore line: [Using built-in specs.]
  ignore line: [COLLECT_GCC=/usr/local/bin/gfortran]
  ignore line: [Target: x86_64-apple-darwin20]
  ignore line: [Configured with: ../configure --prefix=/usr/local/Cellar/gcc/11.2.0 --libdir=/usr/local/Cellar/gcc/11.2.0/lib/gcc/11 --disable-nls --enable-checking=release --enable-languages=c c++ objc obj-c++ fortran d --program-suffix=-11 --with-gmp=/usr/local/opt/gmp --with-mpfr=/usr/local/opt/mpfr --with-mpc=/usr/local/opt/libmpc --with-isl=/usr/local/opt/isl --with-zstd=/usr/local/opt/zstd --with-pkgversion='Homebrew GCC 11.2.0' --with-bugurl=https://github.com/Homebrew/homebrew-core/issues --enable-libphobos --build=x86_64-apple-darwin20 --with-system-zlib --disable-multilib --without-build-config --with-native-system-header-dir=/usr/include --with-sysroot=/Library/Developer/CommandLineTools/SDKs/MacOSX.sdk]
  ignore line: [Thread model: posix]
  ignore line: [Supported LTO compression algorithms: zlib zstd]
  ignore line: [gcc version 11.2.0 (Homebrew GCC 11.2.0) ]
  ignore line: [COLLECT_GCC_OPTIONS='-isysroot' '/Library/Developer/CommandLineTools/SDKs/MacOSX11.3.sdk' '-v' '-c' '-o' 'CMakeFiles/cmTC_ff043.dir/CMakeFortranCompilerABI.F90.o' '-mmacosx-version-min=11.5.0' '-asm_macosx_version_min=11.5' '-mtune=core2' '-dumpdir' 'CMakeFiles/cmTC_ff043.dir/']
  ignore line: [ /usr/local/Cellar/gcc/11.2.0/libexec/gcc/x86_64-apple-darwin20/11.2.0/f951 /usr/local/Cellar/cmake/3.23.2/share/cmake/Modules/CMakeFortranCompilerABI.F90 -cpp=/var/folders/cd/fgr0qn_s2znfbcwjj98ykkfr0000gn/T//cc3eFRlK.f90 -quiet -v -D__DYNAMIC__ -isysroot /Library/Developer/CommandLineTools/SDKs/MacOSX11.3.sdk /usr/local/Cellar/cmake/3.23.2/share/cmake/Modules/CMakeFortranCompilerABI.F90 -fPIC -quiet -dumpdir CMakeFiles/cmTC_ff043.dir/ -dumpbase CMakeFortranCompilerABI.F90.F90 -dumpbase-ext .F90 -mmacosx-version-min=11.5.0 -mtune=core2 -version -fintrinsic-modules-path /usr/local/Cellar/gcc/11.2.0/lib/gcc/11/gcc/x86_64-apple-darwin20/11.2.0/finclude -o /var/folders/cd/fgr0qn_s2znfbcwjj98ykkfr0000gn/T//ccR9fULq.s]
  ignore line: [GNU Fortran (Homebrew GCC 11.2.0) version 11.2.0 (x86_64-apple-darwin20)]
  ignore line: [	compiled by GNU C version 11.2.0  GMP version 6.2.1  MPFR version 4.1.0  MPC version 1.2.1  isl version isl-0.24-GMP]
  ignore line: []
  ignore line: [GGC heuristics: --param ggc-min-expand=100 --param ggc-min-heapsize=131072]
  ignore line: [ignoring nonexistent directory "/Library/Developer/CommandLineTools/SDKs/MacOSX11.3.sdk/usr/local/include"]
  ignore line: [ignoring nonexistent directory "/usr/local/Cellar/gcc/11.2.0/lib/gcc/11/gcc/x86_64-apple-darwin20/11.2.0/../../../../../../x86_64-apple-darwin20/include"]
  ignore line: [#include "..." search starts here:]
  ignore line: [#include <...> search starts here:]
  ignore line: [ /usr/local/Cellar/gcc/11.2.0/lib/gcc/11/gcc/x86_64-apple-darwin20/11.2.0/finclude]
  ignore line: [ /usr/local/Cellar/gcc/11.2.0/lib/gcc/11/gcc/x86_64-apple-darwin20/11.2.0/include]
  ignore line: [ /usr/local/Cellar/gcc/11.2.0/lib/gcc/11/gcc/x86_64-apple-darwin20/11.2.0/include-fixed]
  ignore line: [ /Library/Developer/CommandLineTools/SDKs/MacOSX11.3.sdk/usr/include]
  ignore line: [End of search list.]
  ignore line: [GNU Fortran2008 (Homebrew GCC 11.2.0) version 11.2.0 (x86_64-apple-darwin20)]
  ignore line: [	compiled by GNU C version 11.2.0  GMP version 6.2.1  MPFR version 4.1.0  MPC version 1.2.1  isl version isl-0.24-GMP]
  ignore line: []
  ignore line: [GGC heuristics: --param ggc-min-expand=100 --param ggc-min-heapsize=131072]
  ignore line: [COLLECT_GCC_OPTIONS='-isysroot' '/Library/Developer/CommandLineTools/SDKs/MacOSX11.3.sdk' '-v' '-c' '-o' 'CMakeFiles/cmTC_ff043.dir/CMakeFortranCompilerABI.F90.o' '-mmacosx-version-min=11.5.0'  '-mtune=core2' '-dumpdir' 'CMakeFiles/cmTC_ff043.dir/']
  ignore line: [ as -arch x86_64 -v -force_cpusubtype_ALL -mmacosx-version-min=11.5 -o CMakeFiles/cmTC_ff043.dir/CMakeFortranCompilerABI.F90.o /var/folders/cd/fgr0qn_s2znfbcwjj98ykkfr0000gn/T//ccR9fULq.s]
  ignore line: [Apple clang version 13.0.0 (clang-1300.0.29.3)]
  ignore line: [Target: x86_64-apple-darwin20.6.0]
  ignore line: [Thread model: posix]
  ignore line: [InstalledDir: /Library/Developer/CommandLineTools/usr/bin]
  ignore line: [ "/Library/Developer/CommandLineTools/usr/bin/clang" -cc1as -triple x86_64-apple-macosx11.5.0 -filetype obj -main-file-name ccR9fULq.s -target-cpu penryn -fdebug-compilation-dir /Users/henrikhaug/Documents/FREYA/fission_v2.0.5/build/CMakeFiles/CMakeTmp -dwarf-debug-producer "Apple clang version 13.0.0 (clang-1300.0.29.3)" -dwarf-version=4 -mrelocation-model pic --mrelax-relocations -mllvm -disable-aligned-alloc-awareness=1 -mllvm -enable-dse-memoryssa=0 -o CMakeFiles/cmTC_ff043.dir/CMakeFortranCompilerABI.F90.o /var/folders/cd/fgr0qn_s2znfbcwjj98ykkfr0000gn/T//ccR9fULq.s]
  ignore line: [COMPILER_PATH=/usr/local/Cellar/gcc/11.2.0/libexec/gcc/x86_64-apple-darwin20/11.2.0/:/usr/local/Cellar/gcc/11.2.0/libexec/gcc/x86_64-apple-darwin20/11.2.0/:/usr/local/Cellar/gcc/11.2.0/libexec/gcc/x86_64-apple-darwin20/:/usr/local/Cellar/gcc/11.2.0/lib/gcc/11/gcc/x86_64-apple-darwin20/11.2.0/:/usr/local/Cellar/gcc/11.2.0/lib/gcc/11/gcc/x86_64-apple-darwin20/]
  ignore line: [LIBRARY_PATH=/usr/local/Cellar/gcc/11.2.0/lib/gcc/11/gcc/x86_64-apple-darwin20/11.2.0/:/usr/local/Cellar/gcc/11.2.0/lib/gcc/11/gcc/x86_64-apple-darwin20/11.2.0/../../../]
  ignore line: [COLLECT_GCC_OPTIONS='-isysroot' '/Library/Developer/CommandLineTools/SDKs/MacOSX11.3.sdk' '-v' '-c' '-o' 'CMakeFiles/cmTC_ff043.dir/CMakeFortranCompilerABI.F90.o' '-mmacosx-version-min=11.5.0'  '-mtune=core2' '-dumpdir' 'CMakeFiles/cmTC_ff043.dir/CMakeFortranCompilerABI.F90.']
  ignore line: [Linking Fortran executable cmTC_ff043]
  ignore line: [/usr/local/Cellar/cmake/3.23.2/bin/cmake -E cmake_link_script CMakeFiles/cmTC_ff043.dir/link.txt --verbose=1]
  ignore line: [/usr/local/bin/gfortran  -v -Wl -v  -isysroot /Library/Developer/CommandLineTools/SDKs/MacOSX11.3.sdk CMakeFiles/cmTC_ff043.dir/CMakeFortranCompilerABI.F90.o -o cmTC_ff043 ]
  ignore line: [Driving: /usr/local/bin/gfortran -v -Wl -v -isysroot /Library/Developer/CommandLineTools/SDKs/MacOSX11.3.sdk CMakeFiles/cmTC_ff043.dir/CMakeFortranCompilerABI.F90.o -o cmTC_ff043 -mmacosx-version-min=11.5.0 -asm_macosx_version_min=11.5 -l gfortran -shared-libgcc]
  ignore line: [Using built-in specs.]
  ignore line: [COLLECT_GCC=/usr/local/bin/gfortran]
  ignore line: [COLLECT_LTO_WRAPPER=/usr/local/Cellar/gcc/11.2.0/libexec/gcc/x86_64-apple-darwin20/11.2.0/lto-wrapper]
  ignore line: [Target: x86_64-apple-darwin20]
  ignore line: [Configured with: ../configure --prefix=/usr/local/Cellar/gcc/11.2.0 --libdir=/usr/local/Cellar/gcc/11.2.0/lib/gcc/11 --disable-nls --enable-checking=release --enable-languages=c c++ objc obj-c++ fortran d --program-suffix=-11 --with-gmp=/usr/local/opt/gmp --with-mpfr=/usr/local/opt/mpfr --with-mpc=/usr/local/opt/libmpc --with-isl=/usr/local/opt/isl --with-zstd=/usr/local/opt/zstd --with-pkgversion='Homebrew GCC 11.2.0' --with-bugurl=https://github.com/Homebrew/homebrew-core/issues --enable-libphobos --build=x86_64-apple-darwin20 --with-system-zlib --disable-multilib --without-build-config --with-native-system-header-dir=/usr/include --with-sysroot=/Library/Developer/CommandLineTools/SDKs/MacOSX.sdk]
  ignore line: [Thread model: posix]
  ignore line: [Supported LTO compression algorithms: zlib zstd]
  ignore line: [gcc version 11.2.0 (Homebrew GCC 11.2.0) ]
  ignore line: [Reading specs from /usr/local/Cellar/gcc/11.2.0/lib/gcc/11/gcc/x86_64-apple-darwin20/11.2.0/../../../libgfortran.spec]
  ignore line: [rename spec lib to liborig]
  ignore line: [COLLECT_GCC_OPTIONS='-v' '-isysroot' '/Library/Developer/CommandLineTools/SDKs/MacOSX11.3.sdk' '-o' 'cmTC_ff043' '-mmacosx-version-min=11.5.0' '-asm_macosx_version_min=11.5' '-shared-libgcc' '-mtune=core2' '-dumpdir' 'cmTC_ff043-']
  ignore line: [COMPILER_PATH=/usr/local/Cellar/gcc/11.2.0/libexec/gcc/x86_64-apple-darwin20/11.2.0/:/usr/local/Cellar/gcc/11.2.0/libexec/gcc/x86_64-apple-darwin20/11.2.0/:/usr/local/Cellar/gcc/11.2.0/libexec/gcc/x86_64-apple-darwin20/:/usr/local/Cellar/gcc/11.2.0/lib/gcc/11/gcc/x86_64-apple-darwin20/11.2.0/:/usr/local/Cellar/gcc/11.2.0/lib/gcc/11/gcc/x86_64-apple-darwin20/]
  ignore line: [LIBRARY_PATH=/usr/local/Cellar/gcc/11.2.0/lib/gcc/11/gcc/x86_64-apple-darwin20/11.2.0/:/usr/local/Cellar/gcc/11.2.0/lib/gcc/11/gcc/x86_64-apple-darwin20/11.2.0/../../../]
  ignore line: [COLLECT_GCC_OPTIONS='-v' '-isysroot' '/Library/Developer/CommandLineTools/SDKs/MacOSX11.3.sdk' '-o' 'cmTC_ff043' '-mmacosx-version-min=11.5.0' '-asm_macosx_version_min=11.5' '-shared-libgcc' '-mtune=core2' '-dumpdir' 'cmTC_ff043.']
  link line: [ /usr/local/Cellar/gcc/11.2.0/libexec/gcc/x86_64-apple-darwin20/11.2.0/collect2 -dynamic -arch x86_64 -macosx_version_min 11.5.0 -syslibroot /Library/Developer/CommandLineTools/SDKs/MacOSX11.3.sdk -weak_reference_mismatches non-weak -o cmTC_ff043 -L/usr/local/Cellar/gcc/11.2.0/lib/gcc/11/gcc/x86_64-apple-darwin20/11.2.0 -L/usr/local/Cellar/gcc/11.2.0/lib/gcc/11/gcc/x86_64-apple-darwin20/11.2.0/../../.. -v CMakeFiles/cmTC_ff043.dir/CMakeFortranCompilerABI.F90.o -lgfortran -lSystem -lgcc_ext.10.5 -lgcc -lquadmath -lm -lgcc_ext.10.5 -lgcc -lSystem -no_compact_unwind -v]
    arg [/usr/local/Cellar/gcc/11.2.0/libexec/gcc/x86_64-apple-darwin20/11.2.0/collect2] ==> ignore
    arg [-dynamic] ==> ignore
    arg [-arch] ==> ignore
    arg [x86_64] ==> ignore
    arg [-macosx_version_min] ==> ignore
    arg [11.5.0] ==> ignore
    arg [-syslibroot] ==> ignore
    arg [/Library/Developer/CommandLineTools/SDKs/MacOSX11.3.sdk] ==> ignore
    arg [-weak_reference_mismatches] ==> ignore
    arg [non-weak] ==> ignore
    arg [-o] ==> ignore
    arg [cmTC_ff043] ==> ignore
    arg [-L/usr/local/Cellar/gcc/11.2.0/lib/gcc/11/gcc/x86_64-apple-darwin20/11.2.0] ==> dir [/usr/local/Cellar/gcc/11.2.0/lib/gcc/11/gcc/x86_64-apple-darwin20/11.2.0]
    arg [-L/usr/local/Cellar/gcc/11.2.0/lib/gcc/11/gcc/x86_64-apple-darwin20/11.2.0/../../..] ==> dir [/usr/local/Cellar/gcc/11.2.0/lib/gcc/11/gcc/x86_64-apple-darwin20/11.2.0/../../..]
    arg [-v] ==> ignore
    arg [CMakeFiles/cmTC_ff043.dir/CMakeFortranCompilerABI.F90.o] ==> ignore
    arg [-lgfortran] ==> lib [gfortran]
    arg [-lSystem] ==> lib [System]
    arg [-lgcc_ext.10.5] ==> lib [gcc_ext.10.5]
    arg [-lgcc] ==> lib [gcc]
    arg [-lquadmath] ==> lib [quadmath]
    arg [-lm] ==> lib [m]
    arg [-lgcc_ext.10.5] ==> lib [gcc_ext.10.5]
    arg [-lgcc] ==> lib [gcc]
    arg [-lSystem] ==> lib [System]
    arg [-no_compact_unwind] ==> ignore
    arg [-v] ==> ignore
  Library search paths: [;/usr/local/Cellar/gcc/11.2.0/lib/gcc/11/gcc/x86_64-apple-darwin20/11.2.0;/usr/local/Cellar/gcc/11.2.0/lib/gcc/11;/Library/Developer/CommandLineTools/SDKs/MacOSX11.3.sdk/usr/lib]
  Framework search paths: [;/Library/Developer/CommandLineTools/SDKs/MacOSX11.3.sdk/System/Library/Frameworks/]
  remove lib [System]
  remove lib [System]
  collapse library dir [/usr/local/Cellar/gcc/11.2.0/lib/gcc/11/gcc/x86_64-apple-darwin20/11.2.0] ==> [/usr/local/Cellar/gcc/11.2.0/lib/gcc/11/gcc/x86_64-apple-darwin20/11.2.0]
  collapse library dir [/usr/local/Cellar/gcc/11.2.0/lib/gcc/11/gcc/x86_64-apple-darwin20/11.2.0/../../..] ==> [/usr/local/Cellar/gcc/11.2.0/lib/gcc/11]
  collapse library dir [/usr/local/Cellar/gcc/11.2.0/lib/gcc/11/gcc/x86_64-apple-darwin20/11.2.0] ==> [/usr/local/Cellar/gcc/11.2.0/lib/gcc/11/gcc/x86_64-apple-darwin20/11.2.0]
  collapse library dir [/usr/local/Cellar/gcc/11.2.0/lib/gcc/11] ==> [/usr/local/Cellar/gcc/11.2.0/lib/gcc/11]
  collapse library dir [/Library/Developer/CommandLineTools/SDKs/MacOSX11.3.sdk/usr/lib] ==> [/Library/Developer/CommandLineTools/SDKs/MacOSX11.3.sdk/usr/lib]
  collapse framework dir [/Library/Developer/CommandLineTools/SDKs/MacOSX11.3.sdk/System/Library/Frameworks/] ==> [/Library/Developer/CommandLineTools/SDKs/MacOSX11.3.sdk/System/Library/Frameworks]
  implicit libs: [gfortran;gcc_ext.10.5;gcc;quadmath;m;gcc_ext.10.5;gcc]
  implicit objs: []
  implicit dirs: [/usr/local/Cellar/gcc/11.2.0/lib/gcc/11/gcc/x86_64-apple-darwin20/11.2.0;/usr/local/Cellar/gcc/11.2.0/lib/gcc/11;/Library/Developer/CommandLineTools/SDKs/MacOSX11.3.sdk/usr/lib]
  implicit fwks: [/Library/Developer/CommandLineTools/SDKs/MacOSX11.3.sdk/System/Library/Frameworks]


